<?xml version="1.0" encoding="UTF-8"?>
<trace:TraceModel xmi:version="2.0"
    xmlns:xmi="http://www.omg.org/XMI"
    xmlns:trace="http://www.eclipse.org/gmf/2006/Trace">
  <nodeTraces
      visualID="2005"
      queryText="(let _eClass_:ecore::EClass = modelFacet.metaClass.ecoreClass in _eClass_.ePackage.nsURI = 'http://www.eclipse.org/gmf/2006/GraphicalDefinition' and _eClass_.name = 'Compartment') and (let _containmentMF_:ecore::EStructuralFeature = modelFacet.containmentMetaFeature.ecoreFeature in (let _eClass_:ecore::EClass = _containmentMF_.eContainingClass in _eClass_.ePackage.nsURI = 'http://www.eclipse.org/gmf/2006/GraphicalDefinition' and _eClass_.name = 'Canvas') and _containmentMF_.name = 'compartments')">
    <nodeLabelTraces
        visualID="5005"
        queryText="true"/>
    <compartmentTraces
        visualID="7005"
        queryText="true"/>
  </nodeTraces>
  <nodeTraces
      visualID="2006"
      queryText="(let _eClass_:ecore::EClass = modelFacet.metaClass.ecoreClass in _eClass_.ePackage.nsURI = 'http://www.eclipse.org/gmf/2006/GraphicalDefinition' and _eClass_.name = 'Node') and (let _containmentMF_:ecore::EStructuralFeature = modelFacet.containmentMetaFeature.ecoreFeature in (let _eClass_:ecore::EClass = _containmentMF_.eContainingClass in _eClass_.ePackage.nsURI = 'http://www.eclipse.org/gmf/2006/GraphicalDefinition' and _eClass_.name = 'Canvas') and _containmentMF_.name = 'nodes')">
    <nodeLabelTraces
        visualID="5006"
        queryText="true"/>
    <compartmentTraces
        visualID="7006"
        queryText="true"/>
  </nodeTraces>
  <nodeTraces
      visualID="2007"
      queryText="(let _eClass_:ecore::EClass = modelFacet.metaClass.ecoreClass in _eClass_.ePackage.nsURI = 'http://www.eclipse.org/gmf/2006/GraphicalDefinition' and _eClass_.name = 'Connection') and (let _containmentMF_:ecore::EStructuralFeature = modelFacet.containmentMetaFeature.ecoreFeature in (let _eClass_:ecore::EClass = _containmentMF_.eContainingClass in _eClass_.ePackage.nsURI = 'http://www.eclipse.org/gmf/2006/GraphicalDefinition' and _eClass_.name = 'Canvas') and _containmentMF_.name = 'connections')">
    <nodeLabelTraces
        visualID="5007"
        queryText="true"/>
    <compartmentTraces
        visualID="7007"
        queryText="true"/>
  </nodeTraces>
  <nodeTraces
      visualID="2008"
      queryText="(let _eClass_:ecore::EClass = modelFacet.metaClass.ecoreClass in _eClass_.ePackage.nsURI = 'http://www.eclipse.org/gmf/2006/GraphicalDefinition' and _eClass_.name = 'FigureGallery') and (let _containmentMF_:ecore::EStructuralFeature = modelFacet.containmentMetaFeature.ecoreFeature in (let _eClass_:ecore::EClass = _containmentMF_.eContainingClass in _eClass_.ePackage.nsURI = 'http://www.eclipse.org/gmf/2006/GraphicalDefinition' and _eClass_.name = 'Canvas') and _containmentMF_.name = 'figures')">
    <nodeLabelTraces
        visualID="5009"
        queryText="true"/>
    <compartmentTraces
        visualID="7008"
        queryText="true"/>
  </nodeTraces>
  <nodeTraces
      visualID="2009"
      queryText="(let _eClass_:ecore::EClass = modelFacet.metaClass.ecoreClass in _eClass_.ePackage.nsURI = 'http://www.eclipse.org/gmf/2006/GraphicalDefinition' and _eClass_.name = 'DiagramLabel') and (let _containmentMF_:ecore::EStructuralFeature = modelFacet.containmentMetaFeature.ecoreFeature in (let _eClass_:ecore::EClass = _containmentMF_.eContainingClass in _eClass_.ePackage.nsURI = 'http://www.eclipse.org/gmf/2006/GraphicalDefinition' and _eClass_.name = 'Canvas') and _containmentMF_.name = 'labels')">
    <nodeLabelTraces
        visualID="5013"
        queryText="true"/>
    <compartmentTraces
        visualID="7009"
        queryText="true"/>
  </nodeTraces>
  <childNodeTraces
      visualID="3009"
      queryText="(let _eClass_:ecore::EClass = modelFacet.metaClass.ecoreClass in _eClass_.ePackage.nsURI = 'http://www.eclipse.org/gmf/2006/GraphicalDefinition' and _eClass_.name = 'FigureDescriptor') and (let _containmentMF_:ecore::EStructuralFeature = modelFacet.containmentMetaFeature.ecoreFeature in (let _eClass_:ecore::EClass = _containmentMF_.eContainingClass in _eClass_.ePackage.nsURI = 'http://www.eclipse.org/gmf/2006/GraphicalDefinition' and _eClass_.name = 'FigureGallery') and _containmentMF_.name = 'descriptors')">
    <nodeLabelTraces
        visualID="5008"
        queryText="true"/>
  </childNodeTraces>
  <childNodeTraces
      visualID="3010"
      queryText="(let _eClass_:ecore::EClass = modelFacet.metaClass.ecoreClass in _eClass_.ePackage.nsURI = 'http://www.eclipse.org/gmf/2006/GraphicalDefinition' and _eClass_.name = 'Rectangle') and (let _containmentMF_:ecore::EStructuralFeature = modelFacet.containmentMetaFeature.ecoreFeature in (let _eClass_:ecore::EClass = _containmentMF_.eContainingClass in _eClass_.ePackage.nsURI = 'http://www.eclipse.org/gmf/2006/GraphicalDefinition' and _eClass_.name = 'FigureDescriptor') and _containmentMF_.name = 'actualFigure')"/>
  <childNodeTraces
      visualID="3011"
      queryText="(let _eClass_:ecore::EClass = modelFacet.metaClass.ecoreClass in _eClass_.ePackage.nsURI = 'http://www.eclipse.org/gmf/2006/GraphicalDefinition' and _eClass_.name = 'Rectangle') and (let _containmentMF_:ecore::EStructuralFeature = modelFacet.containmentMetaFeature.ecoreFeature in (let _eClass_:ecore::EClass = _containmentMF_.eContainingClass in _eClass_.ePackage.nsURI = 'http://www.eclipse.org/gmf/2006/GraphicalDefinition' and _eClass_.name = 'RealFigure') and _containmentMF_.name = 'children')"/>
  <childNodeTraces
      visualID="3012"
      queryText="(let _eClass_:ecore::EClass = modelFacet.metaClass.ecoreClass in _eClass_.ePackage.nsURI = 'http://www.eclipse.org/gmf/2006/GraphicalDefinition' and _eClass_.name = 'Ellipse') and (let _containmentMF_:ecore::EStructuralFeature = modelFacet.containmentMetaFeature.ecoreFeature in (let _eClass_:ecore::EClass = _containmentMF_.eContainingClass in _eClass_.ePackage.nsURI = 'http://www.eclipse.org/gmf/2006/GraphicalDefinition' and _eClass_.name = 'RealFigure') and _containmentMF_.name = 'children')"/>
  <childNodeTraces
      visualID="3013"
      queryText="(let _eClass_:ecore::EClass = modelFacet.metaClass.ecoreClass in _eClass_.ePackage.nsURI = 'http://www.eclipse.org/gmf/2006/GraphicalDefinition' and _eClass_.name = 'RoundedRectangle') and (let _containmentMF_:ecore::EStructuralFeature = modelFacet.containmentMetaFeature.ecoreFeature in (let _eClass_:ecore::EClass = _containmentMF_.eContainingClass in _eClass_.ePackage.nsURI = 'http://www.eclipse.org/gmf/2006/GraphicalDefinition' and _eClass_.name = 'RealFigure') and _containmentMF_.name = 'children')"/>
  <childNodeTraces
      visualID="3014"
      queryText="(let _eClass_:ecore::EClass = modelFacet.metaClass.ecoreClass in _eClass_.ePackage.nsURI = 'http://www.eclipse.org/gmf/2006/GraphicalDefinition' and _eClass_.name = 'Polyline') and (let _containmentMF_:ecore::EStructuralFeature = modelFacet.containmentMetaFeature.ecoreFeature in (let _eClass_:ecore::EClass = _containmentMF_.eContainingClass in _eClass_.ePackage.nsURI = 'http://www.eclipse.org/gmf/2006/GraphicalDefinition' and _eClass_.name = 'RealFigure') and _containmentMF_.name = 'children')"/>
  <childNodeTraces
      visualID="3015"
      queryText="(let _eClass_:ecore::EClass = modelFacet.metaClass.ecoreClass in _eClass_.ePackage.nsURI = 'http://www.eclipse.org/gmf/2006/GraphicalDefinition' and _eClass_.name = 'Ellipse') and (let _containmentMF_:ecore::EStructuralFeature = modelFacet.containmentMetaFeature.ecoreFeature in (let _eClass_:ecore::EClass = _containmentMF_.eContainingClass in _eClass_.ePackage.nsURI = 'http://www.eclipse.org/gmf/2006/GraphicalDefinition' and _eClass_.name = 'FigureDescriptor') and _containmentMF_.name = 'actualFigure')"/>
  <childNodeTraces
      visualID="3016"
      queryText="(let _eClass_:ecore::EClass = modelFacet.metaClass.ecoreClass in _eClass_.ePackage.nsURI = 'http://www.eclipse.org/gmf/2006/GraphicalDefinition' and _eClass_.name = 'RoundedRectangle') and (let _containmentMF_:ecore::EStructuralFeature = modelFacet.containmentMetaFeature.ecoreFeature in (let _eClass_:ecore::EClass = _containmentMF_.eContainingClass in _eClass_.ePackage.nsURI = 'http://www.eclipse.org/gmf/2006/GraphicalDefinition' and _eClass_.name = 'FigureDescriptor') and _containmentMF_.name = 'actualFigure')"/>
  <childNodeTraces
      visualID="3017"
      queryText="(let _eClass_:ecore::EClass = modelFacet.metaClass.ecoreClass in _eClass_.ePackage.nsURI = 'http://www.eclipse.org/gmf/2006/GraphicalDefinition' and _eClass_.name = 'Polyline') and (let _containmentMF_:ecore::EStructuralFeature = modelFacet.containmentMetaFeature.ecoreFeature in (let _eClass_:ecore::EClass = _containmentMF_.eContainingClass in _eClass_.ePackage.nsURI = 'http://www.eclipse.org/gmf/2006/GraphicalDefinition' and _eClass_.name = 'FigureDescriptor') and _containmentMF_.name = 'actualFigure')"/>
  <childNodeTraces
      visualID="3018"
      queryText="(let _eClass_:ecore::EClass = modelFacet.metaClass.ecoreClass in _eClass_.ePackage.nsURI = 'http://www.eclipse.org/gmf/2006/GraphicalDefinition' and _eClass_.name = 'Rectangle') and (let _containmentMF_:ecore::EStructuralFeature = modelFacet.containmentMetaFeature.ecoreFeature in (let _eClass_:ecore::EClass = _containmentMF_.eContainingClass in _eClass_.ePackage.nsURI = 'http://www.eclipse.org/gmf/2006/GraphicalDefinition' and _eClass_.name = 'FigureGallery') and _containmentMF_.name = 'figures')"/>
  <childNodeTraces
      visualID="3019"
      queryText="(let _eClass_:ecore::EClass = modelFacet.metaClass.ecoreClass in _eClass_.ePackage.nsURI = 'http://www.eclipse.org/gmf/2006/GraphicalDefinition' and _eClass_.name = 'Ellipse') and (let _containmentMF_:ecore::EStructuralFeature = modelFacet.containmentMetaFeature.ecoreFeature in (let _eClass_:ecore::EClass = _containmentMF_.eContainingClass in _eClass_.ePackage.nsURI = 'http://www.eclipse.org/gmf/2006/GraphicalDefinition' and _eClass_.name = 'FigureGallery') and _containmentMF_.name = 'figures')"/>
  <childNodeTraces
      visualID="3020"
      queryText="(let _eClass_:ecore::EClass = modelFacet.metaClass.ecoreClass in _eClass_.ePackage.nsURI = 'http://www.eclipse.org/gmf/2006/GraphicalDefinition' and _eClass_.name = 'RoundedRectangle') and (let _containmentMF_:ecore::EStructuralFeature = modelFacet.containmentMetaFeature.ecoreFeature in (let _eClass_:ecore::EClass = _containmentMF_.eContainingClass in _eClass_.ePackage.nsURI = 'http://www.eclipse.org/gmf/2006/GraphicalDefinition' and _eClass_.name = 'FigureGallery') and _containmentMF_.name = 'figures')"/>
  <childNodeTraces
      visualID="3021"
      queryText="(let _eClass_:ecore::EClass = modelFacet.metaClass.ecoreClass in _eClass_.ePackage.nsURI = 'http://www.eclipse.org/gmf/2006/GraphicalDefinition' and _eClass_.name = 'Polyline') and (let _containmentMF_:ecore::EStructuralFeature = modelFacet.containmentMetaFeature.ecoreFeature in (let _eClass_:ecore::EClass = _containmentMF_.eContainingClass in _eClass_.ePackage.nsURI = 'http://www.eclipse.org/gmf/2006/GraphicalDefinition' and _eClass_.name = 'FigureGallery') and _containmentMF_.name = 'figures')"/>
  <childNodeTraces
      visualID="3022"
      queryText="(let _eClass_:ecore::EClass = modelFacet.metaClass.ecoreClass in _eClass_.ePackage.nsURI = 'http://www.eclipse.org/gmf/2006/GraphicalDefinition' and _eClass_.name = 'Point') and (let _containmentMF_:ecore::EStructuralFeature = modelFacet.containmentMetaFeature.ecoreFeature in (let _eClass_:ecore::EClass = _containmentMF_.eContainingClass in _eClass_.ePackage.nsURI = 'http://www.eclipse.org/gmf/2006/GraphicalDefinition' and _eClass_.name = 'Polyline') and _containmentMF_.name = 'template')"/>
  <childNodeTraces
      visualID="3023"
      queryText="(let _eClass_:ecore::EClass = modelFacet.metaClass.ecoreClass in _eClass_.ePackage.nsURI = 'http://www.eclipse.org/gmf/2006/GraphicalDefinition' and _eClass_.name = 'Polygon') and (let _containmentMF_:ecore::EStructuralFeature = modelFacet.containmentMetaFeature.ecoreFeature in (let _eClass_:ecore::EClass = _containmentMF_.eContainingClass in _eClass_.ePackage.nsURI = 'http://www.eclipse.org/gmf/2006/GraphicalDefinition' and _eClass_.name = 'RealFigure') and _containmentMF_.name = 'children')"/>
  <childNodeTraces
      visualID="3024"
      queryText="(let _eClass_:ecore::EClass = modelFacet.metaClass.ecoreClass in _eClass_.ePackage.nsURI = 'http://www.eclipse.org/gmf/2006/GraphicalDefinition' and _eClass_.name = 'Polygon') and (let _containmentMF_:ecore::EStructuralFeature = modelFacet.containmentMetaFeature.ecoreFeature in (let _eClass_:ecore::EClass = _containmentMF_.eContainingClass in _eClass_.ePackage.nsURI = 'http://www.eclipse.org/gmf/2006/GraphicalDefinition' and _eClass_.name = 'FigureDescriptor') and _containmentMF_.name = 'actualFigure')"/>
  <childNodeTraces
      visualID="3025"
      queryText="(let _eClass_:ecore::EClass = modelFacet.metaClass.ecoreClass in _eClass_.ePackage.nsURI = 'http://www.eclipse.org/gmf/2006/GraphicalDefinition' and _eClass_.name = 'Polygon') and (let _containmentMF_:ecore::EStructuralFeature = modelFacet.containmentMetaFeature.ecoreFeature in (let _eClass_:ecore::EClass = _containmentMF_.eContainingClass in _eClass_.ePackage.nsURI = 'http://www.eclipse.org/gmf/2006/GraphicalDefinition' and _eClass_.name = 'FigureGallery') and _containmentMF_.name = 'figures')"/>
  <childNodeTraces
      visualID="3026"
      queryText="(let _eClass_:ecore::EClass = modelFacet.metaClass.ecoreClass in _eClass_.ePackage.nsURI = 'http://www.eclipse.org/gmf/2006/GraphicalDefinition' and _eClass_.name = 'Label') and (let _containmentMF_:ecore::EStructuralFeature = modelFacet.containmentMetaFeature.ecoreFeature in (let _eClass_:ecore::EClass = _containmentMF_.eContainingClass in _eClass_.ePackage.nsURI = 'http://www.eclipse.org/gmf/2006/GraphicalDefinition' and _eClass_.name = 'RealFigure') and _containmentMF_.name = 'children')">
    <nodeLabelTraces
        visualID="5010"
        queryText="true"/>
  </childNodeTraces>
  <childNodeTraces
      visualID="3027"
      queryText="(let _eClass_:ecore::EClass = modelFacet.metaClass.ecoreClass in _eClass_.ePackage.nsURI = 'http://www.eclipse.org/gmf/2006/GraphicalDefinition' and _eClass_.name = 'Label') and (let _containmentMF_:ecore::EStructuralFeature = modelFacet.containmentMetaFeature.ecoreFeature in (let _eClass_:ecore::EClass = _containmentMF_.eContainingClass in _eClass_.ePackage.nsURI = 'http://www.eclipse.org/gmf/2006/GraphicalDefinition' and _eClass_.name = 'FigureDescriptor') and _containmentMF_.name = 'actualFigure')">
    <nodeLabelTraces
        visualID="5011"
        queryText="true"/>
  </childNodeTraces>
  <childNodeTraces
      visualID="3028"
      queryText="(let _eClass_:ecore::EClass = modelFacet.metaClass.ecoreClass in _eClass_.ePackage.nsURI = 'http://www.eclipse.org/gmf/2006/GraphicalDefinition' and _eClass_.name = 'Label') and (let _containmentMF_:ecore::EStructuralFeature = modelFacet.containmentMetaFeature.ecoreFeature in (let _eClass_:ecore::EClass = _containmentMF_.eContainingClass in _eClass_.ePackage.nsURI = 'http://www.eclipse.org/gmf/2006/GraphicalDefinition' and _eClass_.name = 'FigureGallery') and _containmentMF_.name = 'figures')">
    <nodeLabelTraces
        visualID="5012"
        queryText="true"/>
  </childNodeTraces>
  <linkTraces
      visualID="4002"
      queryText="modelFacet.oclIsKindOf(gmfgen::TypeLinkModelFacet) and (let _eClass_:ecore::EClass = modelFacet.oclAsType(gmfgen::TypeLinkModelFacet).metaClass.ecoreClass in _eClass_.ePackage.nsURI = 'http://www.eclipse.org/gmf/2006/GraphicalDefinition' and _eClass_.name = 'ChildAccess')"/>
  <linkTraces
      visualID="4003"
      queryText="modelFacet.oclIsKindOf(gmfgen::FeatureLinkModelFacet) and (let _feature_:ecore::EStructuralFeature = modelFacet.oclAsType(gmfgen::FeatureLinkModelFacet).metaFeature.ecoreFeature in (let _eClass_:ecore::EClass = _feature_.eContainingClass in _eClass_.ePackage.nsURI = 'http://www.eclipse.org/gmf/2006/GraphicalDefinition' and _eClass_.name = 'Compartment') and _feature_.name = 'accessor')"/>
  <linkTraces
      visualID="4004"
      queryText="modelFacet.oclIsKindOf(gmfgen::FeatureLinkModelFacet) and (let _feature_:ecore::EStructuralFeature = modelFacet.oclAsType(gmfgen::FeatureLinkModelFacet).metaFeature.ecoreFeature in (let _eClass_:ecore::EClass = _feature_.eContainingClass in _eClass_.ePackage.nsURI = 'http://www.eclipse.org/gmf/2006/GraphicalDefinition' and _eClass_.name = 'DiagramLabel') and _feature_.name = 'accessor')"/>
  <linkTraces
      visualID="4005"
      queryText="modelFacet.oclIsKindOf(gmfgen::FeatureLinkModelFacet) and (let _feature_:ecore::EStructuralFeature = modelFacet.oclAsType(gmfgen::FeatureLinkModelFacet).metaFeature.ecoreFeature in (let _eClass_:ecore::EClass = _feature_.eContainingClass in _eClass_.ePackage.nsURI = 'http://www.eclipse.org/gmf/2006/GraphicalDefinition' and _eClass_.name = 'DiagramElement') and _feature_.name = 'figure')"/>
  <linkTraces
      visualID="4006"
      queryText="modelFacet.oclIsKindOf(gmfgen::FeatureLinkModelFacet) and (let _feature_:ecore::EStructuralFeature = modelFacet.oclAsType(gmfgen::FeatureLinkModelFacet).metaFeature.ecoreFeature in (let _eClass_:ecore::EClass = _feature_.eContainingClass in _eClass_.ePackage.nsURI = 'http://www.eclipse.org/gmf/2006/GraphicalDefinition' and _eClass_.name = 'Node') and _feature_.name = 'contentPane')"/>
</trace:TraceModel>
